<?xml version="1.0" encoding="UTF-8"?>
<!-- Generated by org.testng.reporters.JUnitReportReporter -->
<testsuite skipped="0" hostname="WINDOWS-7J23SHK" name="com.gmail.test" tests="3" failures="0" timestamp="01 Sep 2017 03:16:21 GMT" time="92.254" errors="0">
  <testcase name="method" time="32.288" classname="com.gmail.test"/>
  <testcase name="method" time="30.484" classname="com.gmail.test"/>
  <testcase name="method" time="29.482" classname="com.gmail.test"/>
</testsuite> <!-- com.gmail.test -->
